<?xml version="1.0" encoding="UTF-8"?>
<!-- Generated by org.testng.reporters.JUnitReportReporter -->
<testsuite skipped="0" hostname="LAPTOP-LOG2SSBM" name="Startin.Dprovide" tests="2" failures="0" timestamp="27 May 2020 11:16:59 GMT" time="13.444" errors="0">
  <testcase name="checkit" time="5.279" classname="Startin.Dprovide"/>
  <testcase name="checkit" time="8.165" classname="Startin.Dprovide"/>
</testsuite> <!-- Startin.Dprovide -->
