<?xml version="1.0" encoding="UTF-8"?>
<!-- Generated by org.testng.reporters.JUnitReportReporter -->
<testsuite skipped="0" hostname="LAPTOP-LOG2SSBM" name="Startin.FlipTest" tests="1" failures="0" timestamp="16 May 2020 11:04:39 GMT" time="10.024" errors="0">
  <testcase name="searchTe" time="10.024" classname="Startin.FlipTest"/>
</testsuite> <!-- Startin.FlipTest -->
