<?xml version="1.0" encoding="UTF-8"?>
<!-- Generated by org.testng.reporters.JUnitReportReporter -->
<testsuite skipped="0" hostname="LAPTOP-LOG2SSBM" name="Startin.LoginTest" tests="3" failures="0" timestamp="16 May 2020 11:04:39 GMT" time="29.781" errors="0">
  <testcase name="loginMe" time="10.383" classname="Startin.LoginTest"/>
  <testcase name="loginMe" time="10.029" classname="Startin.LoginTest"/>
  <testcase name="loginMe" time="9.369" classname="Startin.LoginTest"/>
</testsuite> <!-- Startin.LoginTest -->
